Initialized native services in: /Users/mehmetakif/.gradle/native
Initialized jansi services in: /Users/mehmetakif/.gradle/native
Found daemon DaemonInfo{pid=31029, address=[9c9308b6-1e40-4966-8778-a6c1d34cf1da port:56210, addresses:[/127.0.0.1]], state=Idle, lastBusy=1753473255960, context=DefaultDaemonContext[uid=c2230a2f-48c4-4499-9b7c-71b8da7df6ae,javaHome=/Applications/Android Studio.app/Contents/jbr/Contents/Home,javaVersion=21,javaVendor=JetBrains s.r.o.,daemonRegistryDir=/Users/mehmetakif/.gradle/daemon,pid=31029,idleTimeout=10800000,priority=NORMAL,applyInstrumentationAgent=true,nativeServicesMode=ENABLED,daemonOpts=-Xmx2048m,-Dfile.encoding=UTF-8,-Duser.country=TR,-Duser.language=en,-Duser.variant]} however its context does not match the desired criteria.
JVM is incompatible.
Wanted: DaemonRequestContext{jvmCriteria=/Library/Java/JavaVirtualMachines/temurin-17.jdk/Contents/Home (no JDK specified, using current Java home), daemonOpts=[-Xmx2048m, -Dfile.encoding=UTF-8, -Duser.country=TR, -Duser.language=en, -Duser.variant], applyInstrumentationAgent=true, nativeServicesMode=ENABLED, priority=NORMAL}
Actual: DefaultDaemonContext[uid=c2230a2f-48c4-4499-9b7c-71b8da7df6ae,javaHome=/Applications/Android Studio.app/Contents/jbr/Contents/Home,javaVersion=21,javaVendor=JetBrains s.r.o.,daemonRegistryDir=/Users/mehmetakif/.gradle/daemon,pid=31029,idleTimeout=10800000,priority=NORMAL,applyInstrumentationAgent=true,nativeServicesMode=ENABLED,daemonOpts=-Xmx2048m,-Dfile.encoding=UTF-8,-Duser.country=TR,-Duser.language=en,-Duser.variant]

  Looking for a different daemon...
The client will now receive all logging from the daemon (pid: 31206). The daemon log file: /Users/mehmetakif/.gradle/daemon/8.13/daemon-31206.out.log
Starting 4th build in daemon [uptime: 4 mins 46.82 secs, performance: 98%, GC rate: 0.00/s, heap usage: 0% of 2 GiB]
Using 8 worker leases.
Now considering [/Users/mehmetakif/AndroidStudioProjects/SelectifyAI] as hierarchies to watch
Watching the file system is configured to be enabled if available
File system watching is active
Starting Build
Settings evaluated using settings file '/Users/mehmetakif/AndroidStudioProjects/SelectifyAI/settings.gradle.kts'.
Projects loaded. Root project using build file '/Users/mehmetakif/AndroidStudioProjects/SelectifyAI/build.gradle.kts'.
Included projects: [root project 'SelectifyAI', project ':app']

> Configure project :
Evaluating root project 'SelectifyAI' using build file '/Users/mehmetakif/AndroidStudioProjects/SelectifyAI/build.gradle.kts'.
Resolved plugin [id: 'com.android.application', version: '8.11.1', apply: false]
Resolved plugin [id: 'com.google.gms.google-services', version: '4.4.0', apply: false]

> Configure project :app
Evaluating project ':app' using build file '/Users/mehmetakif/AndroidStudioProjects/SelectifyAI/app/build.gradle.kts'.
Resolved plugin [id: 'com.android.application', version: '8.11.1']
Resolved plugin [id: 'com.google.gms.google-services']
Using default execution profile
C/C++: android.ndkVersion from module build.gradle is [27.0.12077973]
C/C++: android.ndkPath from module build.gradle is not set
C/C++: ndk.dir in local.properties is not set
C/C++: Not considering ANDROID_NDK_HOME because support was removed after deprecation period.
C/C++: sdkFolder is /Users/mehmetakif/Library/Android/sdk
C/C++: android.ndkVersion from module build.gradle is [27.0.12077973]
C/C++: android.ndkPath from module build.gradle is not set
C/C++: ndk.dir in local.properties is not set
C/C++: Not considering ANDROID_NDK_HOME because support was removed after deprecation period.
C/C++: sdkFolder is /Users/mehmetakif/Library/Android/sdk
C/C++: android.ndkVersion from module build.gradle is [27.0.12077973]
C/C++: android.ndkPath from module build.gradle is not set
C/C++: ndk.dir in local.properties is not set
C/C++: Not considering ANDROID_NDK_HOME because support was removed after deprecation period.
C/C++: sdkFolder is /Users/mehmetakif/Library/Android/sdk
C/C++: android.ndkVersion from module build.gradle is [27.0.12077973]
C/C++: android.ndkPath from module build.gradle is not set
C/C++: ndk.dir in local.properties is not set
C/C++: Not considering ANDROID_NDK_HOME because support was removed after deprecation period.
C/C++: sdkFolder is /Users/mehmetakif/Library/Android/sdk
C/C++: android.ndkVersion from module build.gradle is [27.0.12077973]
C/C++: android.ndkPath from module build.gradle is not set
C/C++: ndk.dir in local.properties is not set
C/C++: Not considering ANDROID_NDK_HOME because support was removed after deprecation period.
C/C++: sdkFolder is /Users/mehmetakif/Library/Android/sdk
C/C++: android.ndkVersion from module build.gradle is [27.0.12077973]
C/C++: android.ndkPath from module build.gradle is not set
C/C++: ndk.dir in local.properties is not set
C/C++: Not considering ANDROID_NDK_HOME because support was removed after deprecation period.
C/C++: sdkFolder is /Users/mehmetakif/Library/Android/sdk
C/C++: android.ndkVersion from module build.gradle is [27.0.12077973]
C/C++: android.ndkPath from module build.gradle is not set
C/C++: ndk.dir in local.properties is not set
C/C++: Not considering ANDROID_NDK_HOME because support was removed after deprecation period.
C/C++: sdkFolder is /Users/mehmetakif/Library/Android/sdk
C/C++: android.ndkVersion from module build.gradle is [27.0.12077973]
C/C++: android.ndkPath from module build.gradle is not set
C/C++: ndk.dir in local.properties is not set
C/C++: Not considering ANDROID_NDK_HOME because support was removed after deprecation period.
C/C++: sdkFolder is /Users/mehmetakif/Library/Android/sdk
C/C++: android.ndkVersion from module build.gradle is [27.0.12077973]
C/C++: android.ndkPath from module build.gradle is not set
C/C++: ndk.dir in local.properties is not set
C/C++: Not considering ANDROID_NDK_HOME because support was removed after deprecation period.
C/C++: sdkFolder is /Users/mehmetakif/Library/Android/sdk
C/C++: android.ndkVersion from module build.gradle is [27.0.12077973]
C/C++: android.ndkPath from module build.gradle is not set
C/C++: ndk.dir in local.properties is not set
C/C++: Not considering ANDROID_NDK_HOME because support was removed after deprecation period.
C/C++: sdkFolder is /Users/mehmetakif/Library/Android/sdk
C/C++: android.ndkVersion from module build.gradle is [27.0.12077973]
C/C++: android.ndkPath from module build.gradle is not set
C/C++: ndk.dir in local.properties is not set
C/C++: Not considering ANDROID_NDK_HOME because support was removed after deprecation period.
C/C++: sdkFolder is /Users/mehmetakif/Library/Android/sdk
C/C++: android.ndkVersion from module build.gradle is [27.0.12077973]
C/C++: android.ndkPath from module build.gradle is not set
C/C++: ndk.dir in local.properties is not set
C/C++: Not considering ANDROID_NDK_HOME because support was removed after deprecation period.
C/C++: sdkFolder is /Users/mehmetakif/Library/Android/sdk
C/C++: android.ndkVersion from module build.gradle is [27.0.12077973]
C/C++: android.ndkPath from module build.gradle is not set
C/C++: ndk.dir in local.properties is not set
C/C++: Not considering ANDROID_NDK_HOME because support was removed after deprecation period.
C/C++: sdkFolder is /Users/mehmetakif/Library/Android/sdk
All projects evaluated.
Task path ':app:mergeDebugResources' matched project ':app'
Task name matched 'mergeDebugResources'
Selected primary task 'mergeDebugResources' from project :app
Tasks to be executed: [task ':app:preBuild', task ':app:preDebugBuild', task ':app:generateDebugResValues', task ':app:generateDebugResources', task ':app:processDebugGoogleServices', task ':app:mergeDebugResources']
Tasks that were excluded: []
Resolve mutations for :app:preBuild (Thread[Execution worker,5,main]) started.
:app:preBuild (Thread[Execution worker,5,main]) started.

> Task :app:preBuild UP-TO-DATE
Skipping task ':app:preBuild' as it has no actions.
Resolve mutations for :app:preDebugBuild (Thread[Execution worker,5,main]) started.
:app:preDebugBuild (Thread[Execution worker,5,main]) started.

> Task :app:preDebugBuild UP-TO-DATE
Skipping task ':app:preDebugBuild' as it has no actions.
Resolve mutations for :app:generateDebugResValues (Thread[Execution worker Thread 7,5,main]) started.
:app:generateDebugResValues (Thread[Execution worker Thread 4,5,main]) started.

> Task :app:generateDebugResValues UP-TO-DATE
Caching disabled for task ':app:generateDebugResValues' because:
  Build cache is disabled
Skipping task ':app:generateDebugResValues' as it is up-to-date.
Resolve mutations for :app:generateDebugResources (Thread[Execution worker Thread 4,5,main]) started.
:app:generateDebugResources (Thread[Execution worker Thread 4,5,main]) started.

> Task :app:generateDebugResources
Caching disabled for task ':app:generateDebugResources' because:
  Build cache is disabled
Task ':app:generateDebugResources' is not up-to-date because:
  Input property 'resources.main.sourceDirectories' file /Users/mehmetakif/AndroidStudioProjects/SelectifyAI/app/src/main/res/values-de/strings.xml has changed.
  Input property 'resources.main.sourceDirectories' file /Users/mehmetakif/AndroidStudioProjects/SelectifyAI/app/src/main/res/values-en/strings.xml has changed.
Resolve mutations for :app:processDebugGoogleServices (Thread[Execution worker Thread 4,5,main]) started.
:app:processDebugGoogleServices (Thread[Execution worker Thread 4,5,main]) started.

> Task :app:processDebugGoogleServices UP-TO-DATE
Caching disabled for task ':app:processDebugGoogleServices' because:
  Build cache is disabled
Skipping task ':app:processDebugGoogleServices' as it is up-to-date.
Resolve mutations for :app:mergeDebugResources (Thread[Execution worker Thread 4,5,main]) started.
:app:mergeDebugResources (Thread[Execution worker Thread 4,5,main]) started.

> Task :app:mergeDebugResources FAILED
Caching disabled for task ':app:mergeDebugResources' because:
  Build cache is disabled
Task ':app:mergeDebugResources' is not up-to-date because:
  Task has failed previously.
The input changes require a full rebuild for incremental task ':app:mergeDebugResources'.
[MergeResources] Inputs are non-incremental full task action.
4 actionable tasks: 2 executed, 2 up-to-date
Watched directory hierarchies: [/Users/mehmetakif/AndroidStudioProjects/SelectifyAI]
